Base path: 'C:/Program Files/Unity/Hub/Editor/2019.4.16f1/Editor/Data', plugins path 'C:/Program Files/Unity/Hub/Editor/2019.4.16f1/Editor/Data/PlaybackEngines'
Cmd: initializeCompiler
Cmd: preprocess
  insize=1783 outsize=1307 ok=1
Cmd: preprocess
  insize=1847 outsize=1372 ok=1
Cmd: preprocess
  insize=114 outsize=114 ok=1
Cmd: preprocess
  insize=1785 outsize=1309 ok=1
Cmd: preprocess
  insize=1784 outsize=1308 ok=1
Cmd: preprocess
  insize=1783 outsize=1307 ok=1
Cmd: preprocess
  insize=1849 outsize=1374 ok=1
Cmd: preprocess
  insize=1791 outsize=1315 ok=1
Cmd: preprocess
  insize=1812 outsize=1337 ok=1
Cmd: preprocess
  insize=1829 outsize=1354 ok=1
Cmd: preprocess
  insize=1847 outsize=1372 ok=1
Cmd: preprocess
  insize=1832 outsize=1357 ok=1
Cmd: preprocess
  insize=1824 outsize=1349 ok=1
Cmd: preprocess
  insize=1847 outsize=1372 ok=1
Cmd: preprocess
  insize=1826 outsize=1351 ok=1
Cmd: preprocess
  insize=1847 outsize=1372 ok=1
Cmd: preprocess
  error: 2 plat 21 at (39): Unexpected token '}'. Expected one of: typedef const void inline uniform nointerpolation extern shared static volatile row_major column_major struct or a user-defined type
  insize=1825 outsize=779 ok=0
Cmd: preprocess
  insize=1827 outsize=1350 ok=1
Cmd: preprocess
  insize=1783 outsize=1307 ok=1
Cmd: preprocess
  insize=1826 outsize=1351 ok=1
Cmd: preprocess
  insize=394 outsize=391 ok=1
Cmd: preprocess
  insize=1783 outsize=1307 ok=1
Cmd: preprocess
  insize=1890 outsize=1415 ok=1
Cmd: preprocess
  insize=1822 outsize=1347 ok=1
Cmd: preprocess
  insize=382 outsize=379 ok=1
Cmd: preprocess
  insize=1783 outsize=1307 ok=1
Cmd: preprocess
  insize=1847 outsize=1372 ok=1
Cmd: preprocess
  insize=1877 outsize=1402 ok=1
Cmd: preprocess
  insize=1847 outsize=1372 ok=1
Cmd: preprocess
  insize=1877 outsize=1402 ok=1
Cmd: preprocess
  insize=1800 outsize=1325 ok=1
Cmd: preprocess
  insize=1903 outsize=1428 ok=1
Cmd: preprocess
  insize=1847 outsize=1372 ok=1
Cmd: preprocess
  insize=1890 outsize=1414 ok=1
Cmd: preprocess
  error: 2 plat 21 at (42): Unexpected token '}'. Expected one of: typedef const void inline uniform nointerpolation extern shared static volatile row_major column_major struct or a user-defined type
  insize=1892 outsize=846 ok=0
Cmd: preprocess
  insize=1876 outsize=1401 ok=1
Cmd: preprocess
  insize=2012 outsize=1422 ok=1
Cmd: preprocess
  error: 2 plat 21 at (19): Unexpected identifier "Stencil". Expected one of: typedef const void inline uniform nointerpolation extern shared static volatile row_major column_major struct or a user-defined type
  insize=1855 outsize=750 ok=0
Cmd: preprocess
  insize=1872 outsize=1397 ok=1
Cmd: preprocess
  insize=3192 outsize=2246 ok=1
Cmd: compileSnippet
  api=4 type=0 insize=19986 outsize=1590 kw=UNITY_PASS_FORWARDBASE DIRECTIONAL LIGHTPROBE_SH pd=UNITY_ENABLE_REFLECTION_BUFFERS UNITY_USE_DITHER_MASK_FOR_ALPHABLENDED_SHADOWS UNITY_PBS_USE_BRDF1 UNITY_SPECCUBE_BOX_PROJECTION UNITY_SPECCUBE_BLENDING UNITY_ENABLE_DETAIL_NORMALMAP SHADER_API_DESKTOP UNITY_COLORSPACE_GAMMA UNITY_LIGHT_PROBE_PROXY_VOLUME UNITY_LIGHTMAP_FULL_HDR ok=1
Cmd: compileSnippet
  api=4 type=1 insize=19986 outsize=6378 kw=UNITY_PASS_FORWARDBASE DIRECTIONAL LIGHTPROBE_SH pd=UNITY_ENABLE_REFLECTION_BUFFERS UNITY_USE_DITHER_MASK_FOR_ALPHABLENDED_SHADOWS UNITY_PBS_USE_BRDF1 UNITY_SPECCUBE_BOX_PROJECTION UNITY_SPECCUBE_BLENDING UNITY_ENABLE_DETAIL_NORMALMAP SHADER_API_DESKTOP UNITY_COLORSPACE_GAMMA UNITY_LIGHT_PROBE_PROXY_VOLUME UNITY_LIGHTMAP_FULL_HDR ok=1
Cmd: compileSnippet
  api=4 type=0 insize=5558 outsize=1218 kw=UNITY_PASS_FORWARDADD DIRECTIONAL pd=UNITY_ENABLE_REFLECTION_BUFFERS UNITY_USE_DITHER_MASK_FOR_ALPHABLENDED_SHADOWS UNITY_PBS_USE_BRDF1 UNITY_SPECCUBE_BOX_PROJECTION UNITY_SPECCUBE_BLENDING UNITY_ENABLE_DETAIL_NORMALMAP SHADER_API_DESKTOP UNITY_COLORSPACE_GAMMA UNITY_LIGHT_PROBE_PROXY_VOLUME UNITY_LIGHTMAP_FULL_HDR ok=1
Cmd: compileSnippet
  api=4 type=1 insize=5558 outsize=3238 kw=UNITY_PASS_FORWARDADD DIRECTIONAL pd=UNITY_ENABLE_REFLECTION_BUFFERS UNITY_USE_DITHER_MASK_FOR_ALPHABLENDED_SHADOWS UNITY_PBS_USE_BRDF1 UNITY_SPECCUBE_BOX_PROJECTION UNITY_SPECCUBE_BLENDING UNITY_ENABLE_DETAIL_NORMALMAP SHADER_API_DESKTOP UNITY_COLORSPACE_GAMMA UNITY_LIGHT_PROBE_PROXY_VOLUME UNITY_LIGHTMAP_FULL_HDR ok=1
Cmd: preprocess
  insize=1858 outsize=1382 ok=1
Cmd: preprocess
  insize=1785 outsize=1309 ok=1
Cmd: compileSnippet
  api=4 type=0 insize=5558 outsize=1218 kw=UNITY_PASS_FORWARDADD DIRECTIONAL pd=UNITY_ENABLE_REFLECTION_BUFFERS UNITY_USE_DITHER_MASK_FOR_ALPHABLENDED_SHADOWS UNITY_PBS_USE_BRDF1 UNITY_SPECCUBE_BOX_PROJECTION UNITY_SPECCUBE_BLENDING UNITY_ENABLE_DETAIL_NORMALMAP SHADER_API_DESKTOP UNITY_COLORSPACE_GAMMA UNITY_LIGHT_PROBE_PROXY_VOLUME UNITY_LIGHTMAP_FULL_HDR ok=1
Cmd: compileSnippet
  api=4 type=1 insize=5558 outsize=3238 kw=UNITY_PASS_FORWARDADD DIRECTIONAL pd=UNITY_ENABLE_REFLECTION_BUFFERS UNITY_USE_DITHER_MASK_FOR_ALPHABLENDED_SHADOWS UNITY_PBS_USE_BRDF1 UNITY_SPECCUBE_BOX_PROJECTION UNITY_SPECCUBE_BLENDING UNITY_ENABLE_DETAIL_NORMALMAP SHADER_API_DESKTOP UNITY_COLORSPACE_GAMMA UNITY_LIGHT_PROBE_PROXY_VOLUME UNITY_LIGHTMAP_FULL_HDR ok=1
Cmd: preprocess
  insize=3196 outsize=2250 ok=1
Cmd: compileSnippet
  api=4 type=0 insize=19986 outsize=1590 kw=UNITY_PASS_FORWARDBASE DIRECTIONAL LIGHTPROBE_SH pd=UNITY_ENABLE_REFLECTION_BUFFERS UNITY_USE_DITHER_MASK_FOR_ALPHABLENDED_SHADOWS UNITY_PBS_USE_BRDF1 UNITY_SPECCUBE_BOX_PROJECTION UNITY_SPECCUBE_BLENDING UNITY_ENABLE_DETAIL_NORMALMAP SHADER_API_DESKTOP UNITY_COLORSPACE_GAMMA UNITY_LIGHT_PROBE_PROXY_VOLUME UNITY_LIGHTMAP_FULL_HDR ok=1
Cmd: compileSnippet
  api=4 type=1 insize=19986 outsize=6378 kw=UNITY_PASS_FORWARDBASE DIRECTIONAL LIGHTPROBE_SH pd=UNITY_ENABLE_REFLECTION_BUFFERS UNITY_USE_DITHER_MASK_FOR_ALPHABLENDED_SHADOWS UNITY_PBS_USE_BRDF1 UNITY_SPECCUBE_BOX_PROJECTION UNITY_SPECCUBE_BLENDING UNITY_ENABLE_DETAIL_NORMALMAP SHADER_API_DESKTOP UNITY_COLORSPACE_GAMMA UNITY_LIGHT_PROBE_PROXY_VOLUME UNITY_LIGHTMAP_FULL_HDR ok=1
Cmd: compileSnippet
  api=4 type=0 insize=5558 outsize=1218 kw=UNITY_PASS_FORWARDADD DIRECTIONAL pd=UNITY_ENABLE_REFLECTION_BUFFERS UNITY_USE_DITHER_MASK_FOR_ALPHABLENDED_SHADOWS UNITY_PBS_USE_BRDF1 UNITY_SPECCUBE_BOX_PROJECTION UNITY_SPECCUBE_BLENDING UNITY_ENABLE_DETAIL_NORMALMAP SHADER_API_DESKTOP UNITY_COLORSPACE_GAMMA UNITY_LIGHT_PROBE_PROXY_VOLUME UNITY_LIGHTMAP_FULL_HDR ok=1
Cmd: compileSnippet
  api=4 type=1 insize=5558 outsize=3238 kw=UNITY_PASS_FORWARDADD DIRECTIONAL pd=UNITY_ENABLE_REFLECTION_BUFFERS UNITY_USE_DITHER_MASK_FOR_ALPHABLENDED_SHADOWS UNITY_PBS_USE_BRDF1 UNITY_SPECCUBE_BOX_PROJECTION UNITY_SPECCUBE_BLENDING UNITY_ENABLE_DETAIL_NORMALMAP SHADER_API_DESKTOP UNITY_COLORSPACE_GAMMA UNITY_LIGHT_PROBE_PROXY_VOLUME UNITY_LIGHTMAP_FULL_HDR ok=1
Cmd: preprocess
  insize=3196 outsize=2250 ok=1
Cmd: preprocess
  insize=3194 outsize=2248 ok=1
Cmd: preprocess
  insize=3194 outsize=2248 ok=1
Cmd: preprocess
  insize=2391 outsize=1465 ok=1
Cmd: preprocess
  insize=2385 outsize=1465 ok=1
Cmd: preprocess
  insize=2385 outsize=1465 ok=1
Cmd: preprocess
  insize=2383 outsize=1465 ok=1
Cmd: preprocess
  insize=2383 outsize=1465 ok=1
Cmd: preprocess
  insize=2357 outsize=1486 ok=1
Cmd: preprocess
  insize=2395 outsize=1477 ok=1
Cmd: preprocess
  insize=2390 outsize=1477 ok=1
Cmd: preprocess
  insize=2395 outsize=1477 ok=1
Cmd: preprocess
  insize=2556 outsize=1477 ok=1
Cmd: preprocess
  insize=3262 outsize=1479 ok=1
Cmd: preprocess
  insize=2625 outsize=1477 ok=1
Cmd: preprocess
  insize=2615 outsize=1477 ok=1
Cmd: preprocess
  insize=2610 outsize=1472 ok=1
Cmd: preprocess
  insize=2618 outsize=1465 ok=1
Cmd: preprocess
  insize=2566 outsize=1465 ok=1
Cmd: preprocess
  insize=2609 outsize=1465 ok=1
Cmd: preprocess
  insize=2786 outsize=1465 ok=1
Cmd: preprocess
  insize=2733 outsize=1465 ok=1
Cmd: preprocess
  insize=2790 outsize=1465 ok=1
Cmd: preprocess
  insize=2647 outsize=1465 ok=1
Cmd: preprocess
  insize=2805 outsize=1465 ok=1
Cmd: preprocess
  insize=2790 outsize=1465 ok=1
Cmd: compileSnippet
  error: 2 plat 4 at (94): 'tex2D': no matching 2 parameter intrinsic function; Possible intrinsic functions are: tex2D(sampler2D, float2|half2|min10float2|min16float2) tex2D(sampler2D, float2|half2|min10float2|min16float2, float2|half2|min10float2|min16float2, float2|half2|min10float2|min16float2)\nCompiling Vertex program
Platform defines: UNITY_ENABLE_REFLECTION_BUFFERS UNITY_USE_DITHER_MASK_FOR_ALPHABLENDED_SHADOWS UNITY_PBS_USE_BRDF1 UNITY_SPECCUBE_BOX_PROJECTION UNITY_SPECCUBE_BLENDING UNITY_ENABLE_DETAIL_NORMALMAP SHADER_API_DESKTOP UNITY_COLORSPACE_GAMMA UNITY_LIGHT_PROBE_PROXY_VOLUME UNITY_LIGHTMAP_FULL_HDR
  error: 2 plat 4 at (94): invalid subscript 'uv'\nCompiling Vertex program
Platform defines: UNITY_ENABLE_REFLECTION_BUFFERS UNITY_USE_DITHER_MASK_FOR_ALPHABLENDED_SHADOWS UNITY_PBS_USE_BRDF1 UNITY_SPECCUBE_BOX_PROJECTION UNITY_SPECCUBE_BLENDING UNITY_ENABLE_DETAIL_NORMALMAP SHADER_API_DESKTOP UNITY_COLORSPACE_GAMMA UNITY_LIGHT_PROBE_PROXY_VOLUME UNITY_LIGHTMAP_FULL_HDR
  api=4 type=0 insize=1291 outsize=0 kw= pd=UNITY_ENABLE_REFLECTION_BUFFERS UNITY_USE_DITHER_MASK_FOR_ALPHABLENDED_SHADOWS UNITY_PBS_USE_BRDF1 UNITY_SPECCUBE_BOX_PROJECTION UNITY_SPECCUBE_BLENDING UNITY_ENABLE_DETAIL_NORMALMAP SHADER_API_DESKTOP UNITY_COLORSPACE_GAMMA UNITY_LIGHT_PROBE_PROXY_VOLUME UNITY_LIGHTMAP_FULL_HDR ok=0
Cmd: compileSnippet
  error: 2 plat 4 at (94): 'tex2D': no matching 2 parameter intrinsic function; Possible intrinsic functions are: tex2D(sampler2D, float2|half2|min10float2|min16float2) tex2D(sampler2D, float2|half2|min10float2|min16float2, float2|half2|min10float2|min16float2, float2|half2|min10float2|min16float2)\nCompiling Fragment program
Platform defines: UNITY_ENABLE_REFLECTION_BUFFERS UNITY_USE_DITHER_MASK_FOR_ALPHABLENDED_SHADOWS UNITY_PBS_USE_BRDF1 UNITY_SPECCUBE_BOX_PROJECTION UNITY_SPECCUBE_BLENDING UNITY_ENABLE_DETAIL_NORMALMAP SHADER_API_DESKTOP UNITY_COLORSPACE_GAMMA UNITY_LIGHT_PROBE_PROXY_VOLUME UNITY_LIGHTMAP_FULL_HDR
  error: 2 plat 4 at (94): invalid subscript 'uv'\nCompiling Fragment program
Platform defines: UNITY_ENABLE_REFLECTION_BUFFERS UNITY_USE_DITHER_MASK_FOR_ALPHABLENDED_SHADOWS UNITY_PBS_USE_BRDF1 UNITY_SPECCUBE_BOX_PROJECTION UNITY_SPECCUBE_BLENDING UNITY_ENABLE_DETAIL_NORMALMAP SHADER_API_DESKTOP UNITY_COLORSPACE_GAMMA UNITY_LIGHT_PROBE_PROXY_VOLUME UNITY_LIGHTMAP_FULL_HDR
  api=4 type=1 insize=1291 outsize=0 kw= pd=UNITY_ENABLE_REFLECTION_BUFFERS UNITY_USE_DITHER_MASK_FOR_ALPHABLENDED_SHADOWS UNITY_PBS_USE_BRDF1 UNITY_SPECCUBE_BOX_PROJECTION UNITY_SPECCUBE_BLENDING UNITY_ENABLE_DETAIL_NORMALMAP SHADER_API_DESKTOP UNITY_COLORSPACE_GAMMA UNITY_LIGHT_PROBE_PROXY_VOLUME UNITY_LIGHTMAP_FULL_HDR ok=0
Cmd: preprocess
  insize=2735 outsize=1465 ok=1
Cmd: preprocess
  insize=2623 outsize=1497 ok=1
Cmd: preprocess
  insize=2613 outsize=1486 ok=1
Cmd: preprocess
  insize=2621 outsize=1494 ok=1
Cmd: preprocess
  insize=2625 outsize=1498 ok=1
Cmd: compileSnippet
  api=4 type=0 insize=915 outsize=1050 kw=UNITY_PASS_META pd=UNITY_ENABLE_REFLECTION_BUFFERS UNITY_USE_DITHER_MASK_FOR_ALPHABLENDED_SHADOWS UNITY_PBS_USE_BRDF1 UNITY_SPECCUBE_BOX_PROJECTION UNITY_SPECCUBE_BLENDING UNITY_ENABLE_DETAIL_NORMALMAP SHADER_API_DESKTOP UNITY_COLORSPACE_GAMMA UNITY_LIGHT_PROBE_PROXY_VOLUME UNITY_LIGHTMAP_FULL_HDR ok=1
Cmd: compileSnippet
  api=4 type=1 insize=915 outsize=934 kw=UNITY_PASS_META pd=UNITY_ENABLE_REFLECTION_BUFFERS UNITY_USE_DITHER_MASK_FOR_ALPHABLENDED_SHADOWS UNITY_PBS_USE_BRDF1 UNITY_SPECCUBE_BOX_PROJECTION UNITY_SPECCUBE_BLENDING UNITY_ENABLE_DETAIL_NORMALMAP SHADER_API_DESKTOP UNITY_COLORSPACE_GAMMA UNITY_LIGHT_PROBE_PROXY_VOLUME UNITY_LIGHTMAP_FULL_HDR ok=1
Cmd: preprocess
  insize=2616 outsize=1489 ok=1
Cmd: preprocess
  insize=2616 outsize=1489 ok=1
Cmd: preprocess
  insize=2645 outsize=1518 ok=1
Cmd: preprocess
  insize=2621 outsize=1494 ok=1
Cmd: preprocess
  insize=2621 outsize=1494 ok=1
Cmd: preprocess
  insize=2621 outsize=1494 ok=1
Cmd: preprocess
  insize=2621 outsize=1494 ok=1
Cmd: preprocess
  insize=2621 outsize=1494 ok=1
Cmd: preprocess
  insize=2629 outsize=1502 ok=1
Cmd: preprocess
  insize=2629 outsize=1502 ok=1
Cmd: preprocess
  insize=2621 outsize=1494 ok=1
Cmd: preprocess
  insize=2633 outsize=1506 ok=1
Cmd: preprocess
  insize=2633 outsize=1506 ok=1
